<?xml version="1.0" encoding="UTF-8"?>
<testng-results ignored="0" total="1" passed="1" failed="0" skipped="0">
  <reporter-output>
    <line>
      <![CDATA[4--------10]]>
    </line>
    <line>
      <![CDATA[http://primusbank.qedgetech.com/adminflow.aspx]]>
    </line>
    <line>
      <![CDATA[Login Success]]>
    </line>
    <line>
      <![CDATA[Logout Sucess]]>
    </line>
  </reporter-output>
  <suite started-at="2022-05-26T21:35:18 BST" name="Framework" finished-at="2022-05-26T21:35:26 BST" duration-ms="8423">
    <groups>
    </groups>
    <test started-at="2022-05-26T21:35:18 BST" name="Hybrid" finished-at="2022-05-26T21:35:26 BST" duration-ms="8423">
      <class name="driverFcatory.DriverScript">
        <test-method is-config="true" signature="setUp()[pri:0, instance:driverFcatory.DriverScript@441772e]" started-at="2022-05-26T21:35:16 BST" name="setUp" finished-at="2022-05-26T21:35:18 BST" duration-ms="2170" status="PASS">
          <reporter-output>
          </reporter-output>
        </test-method> <!-- setUp -->
        <test-method signature="startTest()[pri:0, instance:driverFcatory.DriverScript@441772e]" started-at="2022-05-26T21:35:18 BST" name="startTest" finished-at="2022-05-26T21:35:26 BST" duration-ms="8391" status="PASS">
          <reporter-output>
            <line>
              <![CDATA[4--------10]]>
            </line>
            <line>
              <![CDATA[http://primusbank.qedgetech.com/adminflow.aspx]]>
            </line>
            <line>
              <![CDATA[Login Success]]>
            </line>
            <line>
              <![CDATA[Logout Sucess]]>
            </line>
          </reporter-output>
        </test-method> <!-- startTest -->
        <test-method is-config="true" signature="tearDown()[pri:0, instance:driverFcatory.DriverScript@441772e]" started-at="2022-05-26T21:35:27 BST" name="tearDown" finished-at="2022-05-26T21:35:27 BST" duration-ms="103" status="PASS">
          <reporter-output>
          </reporter-output>
        </test-method> <!-- tearDown -->
      </class> <!-- driverFcatory.DriverScript -->
    </test> <!-- Hybrid -->
  </suite> <!-- Framework -->
</testng-results>
